app/build/intermediates/manifest_merge_blame_file/debug/manifest-merger-blame-debug-report.txt
1<?xml version="1.0" encoding="utf-8"?>
2<manifest xmlns:android="http://schemas.android.com/apk/res/android"
3    package="com.gilang.tugas10120071_uts_gilang"
4    android:versionCode="1"
5    android:versionName="1.0" >
6
7    <uses-sdk
8        android:minSdkVersion="21"
8-->src\main\AndroidManifest.xml
9        android:targetSdkVersion="32" />
9-->src\main\AndroidManifest.xml
10
11    <application
11-->src\main\AndroidManifest.xml:6:5-33:15
12        android:allowBackup="true"
12-->src\main\AndroidManifest.xml:7:9-35
13        android:appComponentFactory="androidx.core.app.CoreComponentFactory"
13-->[androidx.core:core:1.7.0] AndroidManifest.xml:24:18-86
14        android:dataExtractionRules="@xml/data_extraction_rules"
14-->src\main\AndroidManifest.xml:8:9-65
15        android:debuggable="true"
16        android:fullBackupContent="@xml/backup_rules"
16-->src\main\AndroidManifest.xml:9:9-54
17        android:icon="@mipmap/ic_launcher_round"
17-->src\main\AndroidManifest.xml:10:9-49
18        android:label="@string/app_name"
18-->src\main\AndroidManifest.xml:11:9-41
19        android:roundIcon="@mipmap/ic_launcher_round"
19-->src\main\AndroidManifest.xml:12:9-54
20        android:supportsRtl="true"
20-->src\main\AndroidManifest.xml:13:9-35
21        android:testOnly="true"
22        android:theme="@style/Theme.Tugas10120071UTSGilang" >
22-->src\main\AndroidManifest.xml:14:9-60
23        <activity android:name="com.gilang.tugas10120071_uts_gilang.main.profile.ProfileActivity" />
23-->src\main\AndroidManifest.xml:16:5-71
23-->src\main\AndroidManifest.xml:16:15-59
24        <activity android:name="com.gilang.tugas10120071_uts_gilang.main.diary.UpdateActivity" />
24-->src\main\AndroidManifest.xml:17:5-59
24-->src\main\AndroidManifest.xml:17:15-56
25        <activity android:name="com.gilang.tugas10120071_uts_gilang.main.diary.SaveActivity" />
25-->src\main\AndroidManifest.xml:18:5-57
25-->src\main\AndroidManifest.xml:18:15-54
26        <activity android:name="com.gilang.tugas10120071_uts_gilang.main.diary.NotesActivity" />
26-->src\main\AndroidManifest.xml:19:5-58
26-->src\main\AndroidManifest.xml:19:15-55
27        <activity android:name="com.gilang.tugas10120071_uts_gilang.main.diary.ListNoteActivity" />
27-->src\main\AndroidManifest.xml:20:5-61
27-->src\main\AndroidManifest.xml:20:15-58
28        <activity android:name="com.gilang.tugas10120071_uts_gilang.main.diary.SaveCategoryActivity" />
28-->src\main\AndroidManifest.xml:21:5-65
28-->src\main\AndroidManifest.xml:21:15-62
29        <activity android:name="com.gilang.tugas10120071_uts_gilang.main.diary.CategoriActivity" />
29-->src\main\AndroidManifest.xml:22:5-61
29-->src\main\AndroidManifest.xml:22:15-58
30        <activity
30-->src\main\AndroidManifest.xml:23:5-32:16
31            android:name="com.gilang.tugas10120071_uts_gilang.main.viewpager.ViewPagerActivity"
31-->src\main\AndroidManifest.xml:24:9-57
32            android:exported="true"
32-->src\main\AndroidManifest.xml:26:9-32
33            android:theme="@style/SplashScreenStyle" >
33-->src\main\AndroidManifest.xml:25:9-49
34            <intent-filter>
34-->src\main\AndroidManifest.xml:27:9-31:25
35                <action android:name="android.intent.action.MAIN" />
35-->src\main\AndroidManifest.xml:28:13-65
35-->src\main\AndroidManifest.xml:28:21-62
36
37                <category android:name="android.intent.category.LAUNCHER" />
37-->src\main\AndroidManifest.xml:30:13-73
37-->src\main\AndroidManifest.xml:30:23-70
38            </intent-filter>
39        </activity>
40
41        <provider
41-->[androidx.emoji2:emoji2:1.0.0] AndroidManifest.xml:26:9-34:20
42            android:name="androidx.startup.InitializationProvider"
42-->[androidx.emoji2:emoji2:1.0.0] AndroidManifest.xml:27:13-67
43            android:authorities="com.gilang.tugas10120071_uts_gilang.androidx-startup"
43-->[androidx.emoji2:emoji2:1.0.0] AndroidManifest.xml:28:13-68
44            android:exported="false" >
44-->[androidx.emoji2:emoji2:1.0.0] AndroidManifest.xml:29:13-37
45            <meta-data
45-->[androidx.emoji2:emoji2:1.0.0] AndroidManifest.xml:31:13-33:52
46                android:name="androidx.emoji2.text.EmojiCompatInitializer"
46-->[androidx.emoji2:emoji2:1.0.0] AndroidManifest.xml:32:17-75
47                android:value="androidx.startup" />
47-->[androidx.emoji2:emoji2:1.0.0] AndroidManifest.xml:33:17-49
48            <meta-data
48-->[androidx.lifecycle:lifecycle-process:2.4.0] AndroidManifest.xml:31:13-33:52
49                android:name="androidx.lifecycle.ProcessLifecycleInitializer"
49-->[androidx.lifecycle:lifecycle-process:2.4.0] AndroidManifest.xml:32:17-78
50                android:value="androidx.startup" />
50-->[androidx.lifecycle:lifecycle-process:2.4.0] AndroidManifest.xml:33:17-49
51        </provider>
52    </application>
53
54</manifest>